#
# There is insufficient memory for the Java Runtime Environment to continue.
# Native memory allocation (malloc) failed to allocate 1086416 bytes. Error detail: Chunk::new
# Possible reasons:
#   The system is out of physical RAM or swap space
#   This process is running with CompressedOops enabled, and the Java Heap may be blocking the growth of the native heap
# Possible solutions:
#   Reduce memory load on the system
#   Increase physical memory or swap space
#   Check if swap backing store is full
#   Decrease Java heap size (-Xmx/-Xms)
#   Decrease number of Java threads
#   Decrease Java thread stack sizes (-Xss)
#   Set larger code cache with -XX:ReservedCodeCacheSize=
#   JVM is running with Unscaled Compressed Oops mode in which the Java heap is
#     placed in the first 4GB address space. The Java Heap base address is the
#     maximum limit for the native heap growth. Please use -XX:HeapBaseMinAddress
#     to set the Java Heap base and to place the Java Heap above 4GB virtual address.
# This output file may be truncated or incomplete.
#
#  Out of Memory Error (arena.cpp:168), pid=16028, tid=19380
#
# JRE version: OpenJDK Runtime Environment Temurin-21.0.10+7 (21.0.10+7) (build 21.0.10+7-LTS)
# Java VM: OpenJDK 64-Bit Server VM Temurin-21.0.10+7 (21.0.10+7-LTS, mixed mode, sharing, tiered, compressed oops, compressed class ptrs, parallel gc, windows-amd64)
# No core dump will be written. Minidumps are not enabled by default on client versions of Windows
#

---------------  S U M M A R Y ------------

Command Line: --add-modules=ALL-SYSTEM --add-opens=java.base/java.util=ALL-UNNAMED --add-opens=java.base/java.lang=ALL-UNNAMED --add-opens=java.base/sun.nio.fs=ALL-UNNAMED -Declipse.application=org.eclipse.jdt.ls.core.id1 -Dosgi.bundles.defaultStartLevel=4 -Declipse.product=org.eclipse.jdt.ls.core.product -Djava.import.generatesMetadataFilesAtProjectRoot=false -DDetectVMInstallationsJob.disabled=true -Dfile.encoding=utf8 -XX:+UseParallelGC -XX:GCTimeRatio=4 -XX:AdaptiveSizePolicyWeight=90 -Dsun.zip.disableMemoryMapping=true -Xmx2G -Xms100m -Xlog:disable -javaagent:c:\Users\CYBORG 15\.vscode\extensions\redhat.java-1.53.0-win32-x64\lombok\lombok-1.18.39-4050.jar -XX:+HeapDumpOnOutOfMemoryError -XX:HeapDumpPath=c:\Users\CYBORG 15\AppData\Roaming\Code\User\workspaceStorage\e3dcc4ea57817ddeae71ade39f4d01f5\redhat.java -Daether.dependencyCollector.impl=bf c:\Users\CYBORG 15\.vscode\extensions\redhat.java-1.53.0-win32-x64\server\plugins\org.eclipse.equinox.launcher_1.7.100.v20251111-0406.jar -configuration c:\Users\CYBORG 15\AppData\Roaming\Code\User\globalStorage\redhat.java\1.53.0\config_win -data c:\Users\CYBORG 15\AppData\Roaming\Code\User\workspaceStorage\e3dcc4ea57817ddeae71ade39f4d01f5\redhat.java\jdt_ws --pipe=\\.\pipe\lsp-f18310ec0ecf7140a64b65b93bd8e36e-sock

Host: 13th Gen Intel(R) Core(TM) i7-13620H, 16 cores, 15G,  Windows 11 , 64 bit Build 26100 (10.0.26100.7920)
Time: Sun Mar 22 12:10:18 2026 Sri Lanka Standard Time elapsed time: 4.838584 seconds (0d 0h 0m 4s)

---------------  T H R E A D  ---------------

Current thread (0x000001eb7afed970):  JavaThread "C2 CompilerThread1" daemon [_thread_in_native, id=19380, stack(0x000000abf0100000,0x000000abf0200000) (1024K)]


Current CompileTask:
C2:4838 5476   !   4       org.eclipse.osgi.internal.loader.classpath.ClasspathManager::defineClass (636 bytes)

Stack: [0x000000abf0100000,0x000000abf0200000]
Native frames: (J=compiled Java code, j=interpreted, Vv=VM code, C=native code)
V  [jvm.dll+0x6d7a39]
V  [jvm.dll+0x8b4b26]
V  [jvm.dll+0x8b70de]
V  [jvm.dll+0x8b77c3]
V  [jvm.dll+0x284346]
V  [jvm.dll+0xc66ed]
V  [jvm.dll+0xc6c31]
V  [jvm.dll+0x2fb29e]
V  [jvm.dll+0x5fe884]
V  [jvm.dll+0x255b17]
V  [jvm.dll+0x255edd]
V  [jvm.dll+0x24e500]
V  [jvm.dll+0x24ba42]
V  [jvm.dll+0x1cb34e]
V  [jvm.dll+0x25b85d]
V  [jvm.dll+0x259dea]
V  [jvm.dll+0x3f857e]
V  [jvm.dll+0x85f59d]
V  [jvm.dll+0x6d626d]
C  [ucrtbase.dll+0x37b0]
C  [KERNEL32.DLL+0x2e8d7]
C  [ntdll.dll+0x8c48c]


---------------  P R O C E S S  ---------------

Threads class SMR info:
_java_thread_list=0x000001eb7c5d7b40, length=56, elements={
0x000001eb71ecc8d0, 0x000001eb71e7cdc0, 0x000001eb7ae33f90, 0x000001eb7ae39c10,
0x000001eb7ae3f660, 0x000001eb7ae61240, 0x000001eb7ae63d80, 0x000001eb7ae6d840,
0x000001eb7ae7a440, 0x000001eb7af807b0, 0x000001eb7af80e60, 0x000001eb7af86090,
0x000001eb7afed970, 0x000001eb7b0f45a0, 0x000001eb7c565dc0, 0x000001eb7d062840,
0x000001eb7d061b20, 0x000001eb7d0600e0, 0x000001eb7d062ed0, 0x000001eb7d060770,
0x000001eb7d061490, 0x000001eb7d582780, 0x000001eb7d5841c0, 0x000001eb7d583b30,
0x000001eb7d5820f0, 0x000001eb7d5834a0, 0x000001eb7e2b3260, 0x000001eb7e2b24c0,
0x000001eb7e2b3930, 0x000001eb7d584850, 0x000001eb7d581a60, 0x000001eb7eac21a0,
0x000001eb7eac2830, 0x000001eb7eac2ec0, 0x000001eb7eac3be0, 0x000001eb7eac3550,
0x000001eb7eac4900, 0x000001eb7eac4270, 0x000001eb7eac8410, 0x000001eb7eac5620,
0x000001eb7eac69d0, 0x000001eb7eac4f90, 0x000001eb7eac7060, 0x000001eb7eac8aa0,
0x000001eb7eac5cb0, 0x000001eb7eac9130, 0x000001eb7eac76f0, 0x000001eb7eac97c0,
0x000001eb7eac6340, 0x000001eb7eac7d80, 0x000001eb547a6350, 0x000001eb547a7070,
0x000001eb547a8420, 0x000001eb7e2b1050, 0x000001eb7e2b46d0, 0x000001eb7e2b1720
}

Java Threads: ( => current thread )
  0x000001eb71ecc8d0 JavaThread "main"                              [_thread_blocked, id=7116, stack(0x000000abef200000,0x000000abef300000) (1024K)]
  0x000001eb71e7cdc0 JavaThread "Reference Handler"          daemon [_thread_blocked, id=16192, stack(0x000000abef600000,0x000000abef700000) (1024K)]
  0x000001eb7ae33f90 JavaThread "Finalizer"                  daemon [_thread_blocked, id=4348, stack(0x000000abef700000,0x000000abef800000) (1024K)]
  0x000001eb7ae39c10 JavaThread "Signal Dispatcher"          daemon [_thread_blocked, id=25296, stack(0x000000abef800000,0x000000abef900000) (1024K)]
  0x000001eb7ae3f660 JavaThread "Attach Listener"            daemon [_thread_blocked, id=14020, stack(0x000000abef900000,0x000000abefa00000) (1024K)]
  0x000001eb7ae61240 JavaThread "Service Thread"             daemon [_thread_blocked, id=16004, stack(0x000000abefa00000,0x000000abefb00000) (1024K)]
  0x000001eb7ae63d80 JavaThread "Monitor Deflation Thread"   daemon [_thread_blocked, id=23408, stack(0x000000abefb00000,0x000000abefc00000) (1024K)]
  0x000001eb7ae6d840 JavaThread "C2 CompilerThread0"         daemon [_thread_in_native, id=572, stack(0x000000abefc00000,0x000000abefd00000) (1024K)]
  0x000001eb7ae7a440 JavaThread "C1 CompilerThread0"         daemon [_thread_blocked, id=20368, stack(0x000000abefd00000,0x000000abefe00000) (1024K)]
  0x000001eb7af807b0 JavaThread "C1 CompilerThread1"         daemon [_thread_in_native, id=7004, stack(0x000000abefe00000,0x000000abeff00000) (1024K)]
  0x000001eb7af80e60 JavaThread "C1 CompilerThread2"         daemon [_thread_blocked, id=32704, stack(0x000000abeff00000,0x000000abf0000000) (1024K)]
  0x000001eb7af86090 JavaThread "C1 CompilerThread3"         daemon [_thread_in_vm, id=21300, stack(0x000000abf0000000,0x000000abf0100000) (1024K)]
=>0x000001eb7afed970 JavaThread "C2 CompilerThread1"         daemon [_thread_in_native, id=19380, stack(0x000000abf0100000,0x000000abf0200000) (1024K)]
  0x000001eb7b0f45a0 JavaThread "Common-Cleaner"             daemon [_thread_blocked, id=18860, stack(0x000000abf0200000,0x000000abf0300000) (1024K)]
  0x000001eb7c565dc0 JavaThread "Notification Thread"        daemon [_thread_blocked, id=30800, stack(0x000000abf0300000,0x000000abf0400000) (1024K)]
  0x000001eb7d062840 JavaThread "Active Thread: Equinox Container: 059d3deb-8b11-434a-bd86-80023ff53022"        [_thread_blocked, id=5900, stack(0x000000abf0c00000,0x000000abf0d00000) (1024K)]
  0x000001eb7d061b20 JavaThread "Refresh Thread: Equinox Container: 059d3deb-8b11-434a-bd86-80023ff53022" daemon [_thread_blocked, id=10776, stack(0x000000abf0d00000,0x000000abf0e00000) (1024K)]
  0x000001eb7d0600e0 JavaThread "Framework Event Dispatcher: Equinox Container: 059d3deb-8b11-434a-bd86-80023ff53022" daemon [_thread_blocked, id=7240, stack(0x000000abf0e00000,0x000000abf0f00000) (1024K)]
  0x000001eb7d062ed0 JavaThread "Start Level: Equinox Container: 059d3deb-8b11-434a-bd86-80023ff53022" daemon [_thread_blocked, id=4040, stack(0x000000abf0f00000,0x000000abf1000000) (1024K)]
  0x000001eb7d060770 JavaThread "Bundle File Closer"         daemon [_thread_blocked, id=27280, stack(0x000000abf1300000,0x000000abf1400000) (1024K)]
  0x000001eb7d061490 JavaThread "SCR Component Actor"        daemon [_thread_blocked, id=18520, stack(0x000000abf1400000,0x000000abf1500000) (1024K)]
  0x000001eb7d582780 JavaThread "Worker-JM"                         [_thread_blocked, id=20528, stack(0x000000abf1500000,0x000000abf1600000) (1024K)]
  0x000001eb7d5841c0 JavaThread "JNA Cleaner"                daemon [_thread_blocked, id=15372, stack(0x000000abf0400000,0x000000abf0500000) (1024K)]
  0x000001eb7d583b30 JavaThread "Worker-0"                          [_thread_blocked, id=7048, stack(0x000000abf1800000,0x000000abf1900000) (1024K)]
  0x000001eb7d5820f0 JavaThread "Worker-1: Java indexing... "        [_thread_blocked, id=21224, stack(0x000000abf1900000,0x000000abf1a00000) (1024K)]
  0x000001eb7d5834a0 JavaThread "Worker-2"                          [_thread_blocked, id=7704, stack(0x000000abf1a00000,0x000000abf1b00000) (1024K)]
  0x000001eb7e2b3260 JavaThread "C2 CompilerThread2"         daemon [_thread_in_native, id=16564, stack(0x000000abf1b00000,0x000000abf1c00000) (1024K)]
  0x000001eb7e2b24c0 JavaThread "C2 CompilerThread3"         daemon [_thread_in_native, id=23196, stack(0x000000abf1c00000,0x000000abf1d00000) (1024K)]
  0x000001eb7e2b3930 JavaThread "C2 CompilerThread4"         daemon [_thread_in_native, id=12372, stack(0x000000abf1d00000,0x000000abf1e00000) (1024K)]
  0x000001eb7d584850 JavaThread "Java indexing"              daemon [_thread_in_vm, id=30848, stack(0x000000abf1e00000,0x000000abf1f00000) (1024K)]
  0x000001eb7d581a60 JavaThread "Worker-3: Repository registry initialization"        [_thread_in_native, id=26888, stack(0x000000abf2200000,0x000000abf2300000) (1024K)]
  0x000001eb7eac21a0 JavaThread "Worker-4"                          [_thread_blocked, id=14164, stack(0x000000abf2300000,0x000000abf2400000) (1024K)]
  0x000001eb7eac2830 JavaThread "Thread-1"                   daemon [_thread_in_native, id=3152, stack(0x000000abf2400000,0x000000abf2500000) (1024K)]
  0x000001eb7eac2ec0 JavaThread "Thread-2"                   daemon [_thread_in_native, id=22788, stack(0x000000abf2500000,0x000000abf2600000) (1024K)]
  0x000001eb7eac3be0 JavaThread "Thread-3"                   daemon [_thread_in_native, id=2124, stack(0x000000abf2600000,0x000000abf2700000) (1024K)]
  0x000001eb7eac3550 JavaThread "Thread-4"                   daemon [_thread_in_native, id=27000, stack(0x000000abf2700000,0x000000abf2800000) (1024K)]
  0x000001eb7eac4900 JavaThread "Thread-5"                   daemon [_thread_in_native, id=27096, stack(0x000000abf2800000,0x000000abf2900000) (1024K)]
  0x000001eb7eac4270 JavaThread "Thread-6"                   daemon [_thread_in_native, id=27748, stack(0x000000abf2900000,0x000000abf2a00000) (1024K)]
  0x000001eb7eac8410 JavaThread "Thread-7"                   daemon [_thread_in_native, id=20876, stack(0x000000abf2a00000,0x000000abf2b00000) (1024K)]
  0x000001eb7eac5620 JavaThread "Thread-8"                   daemon [_thread_in_native, id=24436, stack(0x000000abf2b00000,0x000000abf2c00000) (1024K)]
  0x000001eb7eac69d0 JavaThread "Thread-9"                   daemon [_thread_in_native, id=30192, stack(0x000000abf2c00000,0x000000abf2d00000) (1024K)]
  0x000001eb7eac4f90 JavaThread "Thread-10"                  daemon [_thread_in_native, id=10256, stack(0x000000abf2d00000,0x000000abf2e00000) (1024K)]
  0x000001eb7eac7060 JavaThread "Thread-11"                  daemon [_thread_in_native, id=15624, stack(0x000000abf2e00000,0x000000abf2f00000) (1024K)]
  0x000001eb7eac8aa0 JavaThread "Thread-12"                  daemon [_thread_in_native, id=21724, stack(0x000000abf2f00000,0x000000abf3000000) (1024K)]
  0x000001eb7eac5cb0 JavaThread "Thread-13"                  daemon [_thread_in_native, id=24856, stack(0x000000abf3000000,0x000000abf3100000) (1024K)]
  0x000001eb7eac9130 JavaThread "Thread-14"                  daemon [_thread_in_native, id=11676, stack(0x000000abf3100000,0x000000abf3200000) (1024K)]
  0x000001eb7eac76f0 JavaThread "Thread-15"                  daemon [_thread_in_native, id=17316, stack(0x000000abf3200000,0x000000abf3300000) (1024K)]
  0x000001eb7eac97c0 JavaThread "Thread-16"                  daemon [_thread_in_native, id=21096, stack(0x000000abf3300000,0x000000abf3400000) (1024K)]
  0x000001eb7eac6340 JavaThread "Thread-17"                  daemon [_thread_in_native, id=21804, stack(0x000000abf3400000,0x000000abf3500000) (1024K)]
  0x000001eb7eac7d80 JavaThread "pool-2-thread-1"                   [_thread_blocked, id=28260, stack(0x000000abf3500000,0x000000abf3600000) (1024K)]
  0x000001eb547a6350 JavaThread "Worker-5"                          [_thread_blocked, id=23088, stack(0x000000abf3600000,0x000000abf3700000) (1024K)]
  0x000001eb547a7070 JavaThread "WorkspaceEventsHandler"            [_thread_blocked, id=12884, stack(0x000000abf3700000,0x000000abf3800000) (1024K)]
  0x000001eb547a8420 JavaThread "pool-1-thread-1"                   [_thread_in_vm, id=24992, stack(0x000000abf3800000,0x000000abf3900000) (1024K)]
  0x000001eb7e2b1050 JavaThread "C2 CompilerThread5"         daemon [_thread_in_native, id=31040, stack(0x000000abf3900000,0x000000abf3a00000) (1024K)]
  0x000001eb7e2b46d0 JavaThread "C2 CompilerThread6"         daemon [_thread_in_native, id=19624, stack(0x000000abf3a00000,0x000000abf3b00000) (1024K)]
  0x000001eb7e2b1720 JavaThread "C2 CompilerThread7"         daemon [_thread_in_native, id=17144, stack(0x000000abf3b00000,0x000000abf3c00000) (1024K)]
Total: 56

Other Threads:
  0x000001eb71f8e6f0 VMThread "VM Thread"                           [id=29468, stack(0x000000abef500000,0x000000abef600000) (1024K)]
  0x000001eb71d5ca00 WatcherThread "VM Periodic Task Thread"        [id=10524, stack(0x000000abef400000,0x000000abef500000) (1024K)]
  0x000001eb71eeb050 WorkerThread "GC Thread#0"                     [id=11760, stack(0x000000abef300000,0x000000abef400000) (1024K)]
  0x000001eb7cbe1cb0 WorkerThread "GC Thread#1"                     [id=7964, stack(0x000000abf0600000,0x000000abf0700000) (1024K)]
  0x000001eb7cbe2060 WorkerThread "GC Thread#2"                     [id=21064, stack(0x000000abf0700000,0x000000abf0800000) (1024K)]
  0x000001eb7c5e1e20 WorkerThread "GC Thread#3"                     [id=26600, stack(0x000000abf0800000,0x000000abf0900000) (1024K)]
  0x000001eb7c5e21d0 WorkerThread "GC Thread#4"                     [id=9200, stack(0x000000abf0900000,0x000000abf0a00000) (1024K)]
  0x000001eb7c5e2580 WorkerThread "GC Thread#5"                     [id=22284, stack(0x000000abf0a00000,0x000000abf0b00000) (1024K)]
  0x000001eb7c5e2930 WorkerThread "GC Thread#6"                     [id=18208, stack(0x000000abf0b00000,0x000000abf0c00000) (1024K)]
  0x000001eb7cab90f0 WorkerThread "GC Thread#7"                     [id=11052, stack(0x000000abf0500000,0x000000abf0600000) (1024K)]
  0x000001eb7d4a7860 WorkerThread "GC Thread#8"                     [id=27924, stack(0x000000abf1000000,0x000000abf1100000) (1024K)]
  0x000001eb7d4a8430 WorkerThread "GC Thread#9"                     [id=13204, stack(0x000000abf1100000,0x000000abf1200000) (1024K)]
  0x000001eb7d4a87e0 WorkerThread "GC Thread#10"                    [id=12600, stack(0x000000abf1200000,0x000000abf1300000) (1024K)]
  0x000001eb7d579e50 WorkerThread "GC Thread#11"                    [id=16200, stack(0x000000abf1600000,0x000000abf1700000) (1024K)]
  0x000001eb7d57a200 WorkerThread "GC Thread#12"                    [id=9904, stack(0x000000abf1700000,0x000000abf1800000) (1024K)]
Total: 15

Threads with active compile tasks:
C2 CompilerThread0  4864 5591       4       java.nio.CharBuffer::<init> (24 bytes)
C2 CompilerThread1  4864 5476   !   4       org.eclipse.osgi.internal.loader.classpath.ClasspathManager::defineClass (636 bytes)
C2 CompilerThread2  4864 5049   !   4       org.eclipse.osgi.internal.loader.classpath.ClasspathManager::findClassImpl (328 bytes)
C2 CompilerThread3  4864 5579       4       sun.nio.cs.UTF_8$Decoder::decodeArrayLoop (688 bytes)
C2 CompilerThread4  4865 5492   !   4       org.eclipse.osgi.internal.loader.BundleLoader::findClass0 (490 bytes)
C2 CompilerThread5  4865 5590       4       java.lang.String::decodeASCII (46 bytes)
C2 CompilerThread6  4865 5567       4       org.codehaus.plexus.util.InterpolationFilterReader::read (477 bytes)
C2 CompilerThread7  4865 5536       4       java.io.InputStreamReader::read (11 bytes)
Total: 8

VM state: not at safepoint (normal execution)

VM Mutex/Monitor currently owned by a thread: None

Heap address: 0x0000000080000000, size: 2048 MB, Compressed Oops mode: 32-bit

CDS archive(s) mapped at: [0x000001eb0f000000-0x000001eb0fba0000-0x000001eb0fba0000), size 12189696, SharedBaseAddress: 0x000001eb0f000000, ArchiveRelocationMode: 1.
Compressed class space mapped at: 0x000001eb10000000-0x000001eb50000000, reserved size: 1073741824
Narrow klass base: 0x000001eb0f000000, Narrow klass shift: 0, Narrow klass range: 0x100000000

GC Precious Log:
 CardTable entry size: 512
 CPUs: 16 total, 16 available
 Memory: 16087M
 Large Page Support: Disabled
 NUMA Support: Disabled
 Compressed Oops: Enabled (32-bit)
 Alignments: Space 512K, Generation 512K, Heap 2M
 Heap Min Capacity: 100M
 Heap Initial Capacity: 100M
 Heap Max Capacity: 2G
 Pre-touch: Disabled
 Parallel Workers: 13

Heap:
 PSYoungGen      total 23040K, used 4400K [0x00000000d5580000, 0x00000000d7180000, 0x0000000100000000)
  eden space 22016K, 15% used [0x00000000d5580000,0x00000000d58cc2d8,0x00000000d6b00000)
  from space 1024K, 100% used [0x00000000d6f00000,0x00000000d7000000,0x00000000d7000000)
  to   space 1536K, 0% used [0x00000000d7000000,0x00000000d7000000,0x00000000d7180000)
 ParOldGen       total 68608K, used 20680K [0x0000000080000000, 0x0000000084300000, 0x00000000d5580000)
  object space 68608K, 30% used [0x0000000080000000,0x00000000814321d8,0x0000000084300000)
 Metaspace       used 39621K, committed 40832K, reserved 1114112K
  class space    used 4177K, committed 4736K, reserved 1048576K

Card table byte_map: [0x000001eb71870000,0x000001eb71c80000] _byte_map_base: 0x000001eb71470000

Marking Bits: (ParMarkBitMap*) 0x00007ff9a7163450
 Begin Bits: [0x000001eb75380000, 0x000001eb77380000)
 End Bits:   [0x000001eb77380000, 0x000001eb79380000)

Polling page: 0x000001eb6fd40000

Metaspace:

Usage:
  Non-class:     34.61 MB used.
      Class:      4.08 MB used.
       Both:     38.69 MB used.

Virtual space:
  Non-class space:       64.00 MB reserved,      35.25 MB ( 55%) committed,  1 nodes.
      Class space:        1.00 GB reserved,       4.62 MB ( <1%) committed,  1 nodes.
             Both:        1.06 GB reserved,      39.88 MB (  4%) committed. 

Chunk freelists:
   Non-Class:  12.53 MB
       Class:  11.44 MB
        Both:  23.97 MB

MaxMetaspaceSize: unlimited
CompressedClassSpaceSize: 1.00 GB
Initial GC threshold: 21.00 MB
Current GC threshold: 58.38 MB
CDS: on
 - commit_granule_bytes: 65536.
 - commit_granule_words: 8192.
 - virtual_space_node_default_size: 8388608.
 - enlarge_chunks_in_place: 1.
 - use_allocation_guard: 0.


Internal statistics:

num_allocs_failed_limit: 8.
num_arena_births: 886.
num_arena_deaths: 14.
num_vsnodes_births: 2.
num_vsnodes_deaths: 0.
num_space_committed: 638.
num_space_uncommitted: 0.
num_chunks_returned_to_freelist: 22.
num_chunks_taken_from_freelist: 2664.
num_chunk_merges: 13.
num_chunk_splits: 1640.
num_chunks_enlarged: 897.
num_inconsistent_stats: 0.

CodeHeap 'non-profiled nmethods': size=119168Kb used=2690Kb max_used=2690Kb free=116477Kb
 bounds [0x000001eb07ba0000, 0x000001eb07e70000, 0x000001eb0f000000]
CodeHeap 'profiled nmethods': size=119104Kb used=10727Kb max_used=11251Kb free=108376Kb
 bounds [0x000001eb00000000, 0x000001eb00b00000, 0x000001eb07450000]
CodeHeap 'non-nmethods': size=7488Kb used=3050Kb max_used=3112Kb free=4437Kb
 bounds [0x000001eb07450000, 0x000001eb07760000, 0x000001eb07ba0000]
CodeCache: size=245760Kb, used=16467Kb, max_used=17053Kb, free=229290Kb
 total_blobs=5770, nmethods=5110, adapters=563, full_count=0
Compilation: enabled, stopped_count=0, restarted_count=0

Compilation events (20 events):
Event: 4.822 Thread 0x000001eb7ae7a440 5705       3       sun.reflect.annotation.AnnotatedTypeFactory::isArray (32 bytes)
Event: 4.822 Thread 0x000001eb7af86090 5698       1       com.google.common.cache.LocalCache$2::offer (2 bytes)
Event: 4.823 Thread 0x000001eb7af80e60 5700       1       com.google.common.cache.LocalCache$WeakEntry::getHash (5 bytes)
Event: 4.823 Thread 0x000001eb7af86090 nmethod 5698 0x000001eb07c49710 code [0x000001eb07c498a0, 0x000001eb07c49968]
Event: 4.823 Thread 0x000001eb7af80e60 nmethod 5700 0x000001eb07c49410 code [0x000001eb07c495a0, 0x000001eb07c49668]
Event: 4.823 Thread 0x000001eb7ae7a440 nmethod 5705 0x000001eb0019b910 code [0x000001eb0019bae0, 0x000001eb0019bfe8]
Event: 4.823 Thread 0x000001eb7af807b0 nmethod 5702 0x000001eb00518690 code [0x000001eb00518980, 0x000001eb00519c10]
Event: 4.824 Thread 0x000001eb7e2b24c0 nmethod 5585 0x000001eb07bced10 code [0x000001eb07bcf000, 0x000001eb07bcfc10]
Event: 4.826 Thread 0x000001eb7e2b24c0 5673       4       java.lang.invoke.VarHandle::checkAccessModeThenIsDirect (29 bytes)
Event: 4.826 Thread 0x000001eb7af86090 5706       3       java.lang.Class::getDeclaredFields (27 bytes)
Event: 4.827 Thread 0x000001eb7af80e60 5707       3       java.lang.Class::copyFields (36 bytes)
Event: 4.827 Thread 0x000001eb7af86090 nmethod 5706 0x000001eb00518010 code [0x000001eb005181e0, 0x000001eb00518448]
Event: 4.828 Thread 0x000001eb7af80e60 nmethod 5707 0x000001eb0019a810 code [0x000001eb0019aa60, 0x000001eb0019b450]
Event: 4.828 Thread 0x000001eb7ae6d840 nmethod 5598 0x000001eb07c51d10 code [0x000001eb07c51fe0, 0x000001eb07c52c80]
Event: 4.830 Thread 0x000001eb7e2b24c0 nmethod 5673 0x000001eb07c48f90 code [0x000001eb07c49120, 0x000001eb07c49288]
Event: 4.832 Thread 0x000001eb7e2b24c0 5568       4       java.nio.ByteBuffer::position (8 bytes)
Event: 4.834 Thread 0x000001eb7ae6d840 5570       4       java.nio.Buffer::limit (65 bytes)
Event: 4.835 Thread 0x000001eb7af807b0 5708       3       java.lang.Class::annotationData (44 bytes)
Event: 4.836 Thread 0x000001eb7e2b24c0 nmethod 5568 0x000001eb07cb2110 code [0x000001eb07cb22a0, 0x000001eb07cb2390]
Event: 4.836 Thread 0x000001eb7af807b0 nmethod 5708 0x000001eb00783190 code [0x000001eb00783360, 0x000001eb00783638]

GC Heap History (20 events):
Event: 2.736 GC heap before
{Heap before GC invocations=8 (full 1):
 PSYoungGen      total 28672K, used 4047K [0x00000000d5580000, 0x00000000d7780000, 0x0000000100000000)
  eden space 24576K, 0% used [0x00000000d5580000,0x00000000d5580000,0x00000000d6d80000)
  from space 4096K, 98% used [0x00000000d6d80000,0x00000000d7173f18,0x00000000d7180000)
  to   space 5120K, 0% used [0x00000000d7280000,0x00000000d7280000,0x00000000d7780000)
 ParOldGen       total 68608K, used 9419K [0x0000000080000000, 0x0000000084300000, 0x00000000d5580000)
  object space 68608K, 13% used [0x0000000080000000,0x0000000080932f30,0x0000000084300000)
 Metaspace       used 20734K, committed 21504K, reserved 1114112K
  class space    used 2174K, committed 2496K, reserved 1048576K
}
Event: 2.759 GC heap after
{Heap after GC invocations=8 (full 1):
 PSYoungGen      total 28672K, used 0K [0x00000000d5580000, 0x00000000d7780000, 0x0000000100000000)
  eden space 24576K, 0% used [0x00000000d5580000,0x00000000d5580000,0x00000000d6d80000)
  from space 4096K, 0% used [0x00000000d6d80000,0x00000000d6d80000,0x00000000d7180000)
  to   space 5120K, 0% used [0x00000000d7280000,0x00000000d7280000,0x00000000d7780000)
 ParOldGen       total 68608K, used 12485K [0x0000000080000000, 0x0000000084300000, 0x00000000d5580000)
  object space 68608K, 18% used [0x0000000080000000,0x0000000080c31598,0x0000000084300000)
 Metaspace       used 20721K, committed 21504K, reserved 1114112K
  class space    used 2171K, committed 2496K, reserved 1048576K
}
Event: 2.918 GC heap before
{Heap before GC invocations=9 (full 1):
 PSYoungGen      total 28672K, used 24576K [0x00000000d5580000, 0x00000000d7780000, 0x0000000100000000)
  eden space 24576K, 100% used [0x00000000d5580000,0x00000000d6d80000,0x00000000d6d80000)
  from space 4096K, 0% used [0x00000000d6d80000,0x00000000d6d80000,0x00000000d7180000)
  to   space 5120K, 0% used [0x00000000d7280000,0x00000000d7280000,0x00000000d7780000)
 ParOldGen       total 68608K, used 12485K [0x0000000080000000, 0x0000000084300000, 0x00000000d5580000)
  object space 68608K, 18% used [0x0000000080000000,0x0000000080c31598,0x0000000084300000)
 Metaspace       used 22740K, committed 23680K, reserved 1114112K
  class space    used 2364K, committed 2752K, reserved 1048576K
}
Event: 2.920 GC heap after
{Heap after GC invocations=9 (full 1):
 PSYoungGen      total 27648K, used 3153K [0x00000000d5580000, 0x00000000d7600000, 0x0000000100000000)
  eden space 24064K, 0% used [0x00000000d5580000,0x00000000d5580000,0x00000000d6d00000)
  from space 3584K, 87% used [0x00000000d7280000,0x00000000d7594710,0x00000000d7600000)
  to   space 3584K, 0% used [0x00000000d6f00000,0x00000000d6f00000,0x00000000d7280000)
 ParOldGen       total 68608K, used 12493K [0x0000000080000000, 0x0000000084300000, 0x00000000d5580000)
  object space 68608K, 18% used [0x0000000080000000,0x0000000080c33598,0x0000000084300000)
 Metaspace       used 22740K, committed 23680K, reserved 1114112K
  class space    used 2364K, committed 2752K, reserved 1048576K
}
Event: 3.084 GC heap before
{Heap before GC invocations=10 (full 1):
 PSYoungGen      total 27648K, used 27217K [0x00000000d5580000, 0x00000000d7600000, 0x0000000100000000)
  eden space 24064K, 100% used [0x00000000d5580000,0x00000000d6d00000,0x00000000d6d00000)
  from space 3584K, 87% used [0x00000000d7280000,0x00000000d7594710,0x00000000d7600000)
  to   space 3584K, 0% used [0x00000000d6f00000,0x00000000d6f00000,0x00000000d7280000)
 ParOldGen       total 68608K, used 12493K [0x0000000080000000, 0x0000000084300000, 0x00000000d5580000)
  object space 68608K, 18% used [0x0000000080000000,0x0000000080c33598,0x0000000084300000)
 Metaspace       used 26109K, committed 27072K, reserved 1114112K
  class space    used 2617K, committed 3008K, reserved 1048576K
}
Event: 3.085 GC heap after
{Heap after GC invocations=10 (full 1):
 PSYoungGen      total 27136K, used 3493K [0x00000000d5580000, 0x00000000d7380000, 0x0000000100000000)
  eden space 23552K, 0% used [0x00000000d5580000,0x00000000d5580000,0x00000000d6c80000)
  from space 3584K, 97% used [0x00000000d6f00000,0x00000000d72696c8,0x00000000d7280000)
  to   space 1024K, 0% used [0x00000000d7280000,0x00000000d7280000,0x00000000d7380000)
 ParOldGen       total 68608K, used 12501K [0x0000000080000000, 0x0000000084300000, 0x00000000d5580000)
  object space 68608K, 18% used [0x0000000080000000,0x0000000080c35598,0x0000000084300000)
 Metaspace       used 26109K, committed 27072K, reserved 1114112K
  class space    used 2617K, committed 3008K, reserved 1048576K
}
Event: 3.272 GC heap before
{Heap before GC invocations=11 (full 1):
 PSYoungGen      total 27136K, used 27045K [0x00000000d5580000, 0x00000000d7380000, 0x0000000100000000)
  eden space 23552K, 100% used [0x00000000d5580000,0x00000000d6c80000,0x00000000d6c80000)
  from space 3584K, 97% used [0x00000000d6f00000,0x00000000d72696c8,0x00000000d7280000)
  to   space 1024K, 0% used [0x00000000d7280000,0x00000000d7280000,0x00000000d7380000)
 ParOldGen       total 68608K, used 12501K [0x0000000080000000, 0x0000000084300000, 0x00000000d5580000)
  object space 68608K, 18% used [0x0000000080000000,0x0000000080c35598,0x0000000084300000)
 Metaspace       used 27800K, committed 28736K, reserved 1114112K
  class space    used 2725K, committed 3072K, reserved 1048576K
}
Event: 3.273 GC heap after
{Heap after GC invocations=11 (full 1):
 PSYoungGen      total 24064K, used 942K [0x00000000d5580000, 0x00000000d7380000, 0x0000000100000000)
  eden space 23040K, 0% used [0x00000000d5580000,0x00000000d5580000,0x00000000d6c00000)
  from space 1024K, 92% used [0x00000000d7280000,0x00000000d736b890,0x00000000d7380000)
  to   space 2048K, 0% used [0x00000000d6f80000,0x00000000d6f80000,0x00000000d7180000)
 ParOldGen       total 68608K, used 15059K [0x0000000080000000, 0x0000000084300000, 0x00000000d5580000)
  object space 68608K, 21% used [0x0000000080000000,0x0000000080eb4ce0,0x0000000084300000)
 Metaspace       used 27800K, committed 28736K, reserved 1114112K
  class space    used 2725K, committed 3072K, reserved 1048576K
}
Event: 3.775 GC heap before
{Heap before GC invocations=12 (full 1):
 PSYoungGen      total 24064K, used 23982K [0x00000000d5580000, 0x00000000d7380000, 0x0000000100000000)
  eden space 23040K, 99% used [0x00000000d5580000,0x00000000d6bfff70,0x00000000d6c00000)
  from space 1024K, 92% used [0x00000000d7280000,0x00000000d736b890,0x00000000d7380000)
  to   space 2048K, 0% used [0x00000000d6f80000,0x00000000d6f80000,0x00000000d7180000)
 ParOldGen       total 68608K, used 15059K [0x0000000080000000, 0x0000000084300000, 0x00000000d5580000)
  object space 68608K, 21% used [0x0000000080000000,0x0000000080eb4ce0,0x0000000084300000)
 Metaspace       used 31483K, committed 32576K, reserved 1114112K
  class space    used 3118K, committed 3584K, reserved 1048576K
}
Event: 3.778 GC heap after
{Heap after GC invocations=12 (full 1):
 PSYoungGen      total 24576K, used 2042K [0x00000000d5580000, 0x00000000d7300000, 0x0000000100000000)
  eden space 22528K, 0% used [0x00000000d5580000,0x00000000d5580000,0x00000000d6b80000)
  from space 2048K, 99% used [0x00000000d6f80000,0x00000000d717e950,0x00000000d7180000)
  to   space 1536K, 0% used [0x00000000d7180000,0x00000000d7180000,0x00000000d7300000)
 ParOldGen       total 68608K, used 16043K [0x0000000080000000, 0x0000000084300000, 0x00000000d5580000)
  object space 68608K, 23% used [0x0000000080000000,0x0000000080faadd8,0x0000000084300000)
 Metaspace       used 31483K, committed 32576K, reserved 1114112K
  class space    used 3118K, committed 3584K, reserved 1048576K
}
Event: 4.090 GC heap before
{Heap before GC invocations=13 (full 1):
 PSYoungGen      total 24576K, used 24570K [0x00000000d5580000, 0x00000000d7300000, 0x0000000100000000)
  eden space 22528K, 100% used [0x00000000d5580000,0x00000000d6b80000,0x00000000d6b80000)
  from space 2048K, 99% used [0x00000000d6f80000,0x00000000d717e950,0x00000000d7180000)
  to   space 1536K, 0% used [0x00000000d7180000,0x00000000d7180000,0x00000000d7300000)
 ParOldGen       total 68608K, used 16043K [0x0000000080000000, 0x0000000084300000, 0x00000000d5580000)
  object space 68608K, 23% used [0x0000000080000000,0x0000000080faadd8,0x0000000084300000)
 Metaspace       used 34331K, committed 35456K, reserved 1114112K
  class space    used 3474K, committed 3904K, reserved 1048576K
}
Event: 4.093 GC heap after
{Heap after GC invocations=13 (full 1):
 PSYoungGen      total 23552K, used 1246K [0x00000000d5580000, 0x00000000d7300000, 0x0000000100000000)
  eden space 22016K, 0% used [0x00000000d5580000,0x00000000d5580000,0x00000000d6b00000)
  from space 1536K, 81% used [0x00000000d7180000,0x00000000d72b79e0,0x00000000d7300000)
  to   space 2048K, 0% used [0x00000000d6f00000,0x00000000d6f00000,0x00000000d7100000)
 ParOldGen       total 68608K, used 18038K [0x0000000080000000, 0x0000000084300000, 0x00000000d5580000)
  object space 68608K, 26% used [0x0000000080000000,0x000000008119dbd0,0x0000000084300000)
 Metaspace       used 34331K, committed 35456K, reserved 1114112K
  class space    used 3474K, committed 3904K, reserved 1048576K
}
Event: 4.168 GC heap before
{Heap before GC invocations=14 (full 1):
 PSYoungGen      total 23552K, used 6614K [0x00000000d5580000, 0x00000000d7300000, 0x0000000100000000)
  eden space 22016K, 24% used [0x00000000d5580000,0x00000000d5abdf50,0x00000000d6b00000)
  from space 1536K, 81% used [0x00000000d7180000,0x00000000d72b79e0,0x00000000d7300000)
  to   space 2048K, 0% used [0x00000000d6f00000,0x00000000d6f00000,0x00000000d7100000)
 ParOldGen       total 68608K, used 18038K [0x0000000080000000, 0x0000000084300000, 0x00000000d5580000)
  object space 68608K, 26% used [0x0000000080000000,0x000000008119dbd0,0x0000000084300000)
 Metaspace       used 34823K, committed 35840K, reserved 1114112K
  class space    used 3539K, committed 3968K, reserved 1048576K
}
Event: 4.171 GC heap after
{Heap after GC invocations=14 (full 1):
 PSYoungGen      total 24064K, used 1716K [0x00000000d5580000, 0x00000000d7200000, 0x0000000100000000)
  eden space 22016K, 0% used [0x00000000d5580000,0x00000000d5580000,0x00000000d6b00000)
  from space 2048K, 83% used [0x00000000d6f00000,0x00000000d70ad098,0x00000000d7100000)
  to   space 1024K, 0% used [0x00000000d7100000,0x00000000d7100000,0x00000000d7200000)
 ParOldGen       total 68608K, used 18937K [0x0000000080000000, 0x0000000084300000, 0x00000000d5580000)
  object space 68608K, 27% used [0x0000000080000000,0x000000008127e6a0,0x0000000084300000)
 Metaspace       used 34823K, committed 35840K, reserved 1114112K
  class space    used 3539K, committed 3968K, reserved 1048576K
}
Event: 4.171 GC heap before
{Heap before GC invocations=15 (full 2):
 PSYoungGen      total 24064K, used 1716K [0x00000000d5580000, 0x00000000d7200000, 0x0000000100000000)
  eden space 22016K, 0% used [0x00000000d5580000,0x00000000d5580000,0x00000000d6b00000)
  from space 2048K, 83% used [0x00000000d6f00000,0x00000000d70ad098,0x00000000d7100000)
  to   space 1024K, 0% used [0x00000000d7100000,0x00000000d7100000,0x00000000d7200000)
 ParOldGen       total 68608K, used 18937K [0x0000000080000000, 0x0000000084300000, 0x00000000d5580000)
  object space 68608K, 27% used [0x0000000080000000,0x000000008127e6a0,0x0000000084300000)
 Metaspace       used 34823K, committed 35840K, reserved 1114112K
  class space    used 3539K, committed 3968K, reserved 1048576K
}
Event: 4.211 GC heap after
{Heap after GC invocations=15 (full 2):
 PSYoungGen      total 24064K, used 0K [0x00000000d5580000, 0x00000000d7200000, 0x0000000100000000)
  eden space 22016K, 0% used [0x00000000d5580000,0x00000000d5580000,0x00000000d6b00000)
  from space 2048K, 0% used [0x00000000d6f00000,0x00000000d6f00000,0x00000000d7100000)
  to   space 1024K, 0% used [0x00000000d7100000,0x00000000d7100000,0x00000000d7200000)
 ParOldGen       total 68608K, used 19473K [0x0000000080000000, 0x0000000084300000, 0x00000000d5580000)
  object space 68608K, 28% used [0x0000000080000000,0x00000000813047b8,0x0000000084300000)
 Metaspace       used 34823K, committed 35840K, reserved 1114112K
  class space    used 3539K, committed 3968K, reserved 1048576K
}
Event: 4.486 GC heap before
{Heap before GC invocations=16 (full 2):
 PSYoungGen      total 24064K, used 22016K [0x00000000d5580000, 0x00000000d7200000, 0x0000000100000000)
  eden space 22016K, 100% used [0x00000000d5580000,0x00000000d6b00000,0x00000000d6b00000)
  from space 2048K, 0% used [0x00000000d6f00000,0x00000000d6f00000,0x00000000d7100000)
  to   space 1024K, 0% used [0x00000000d7100000,0x00000000d7100000,0x00000000d7200000)
 ParOldGen       total 68608K, used 19473K [0x0000000080000000, 0x0000000084300000, 0x00000000d5580000)
  object space 68608K, 28% used [0x0000000080000000,0x00000000813047b8,0x0000000084300000)
 Metaspace       used 37419K, committed 38656K, reserved 1114112K
  class space    used 3889K, committed 4416K, reserved 1048576K
}
Event: 4.489 GC heap after
{Heap after GC invocations=16 (full 2):
 PSYoungGen      total 23040K, used 994K [0x00000000d5580000, 0x00000000d7200000, 0x0000000100000000)
  eden space 22016K, 0% used [0x00000000d5580000,0x00000000d5580000,0x00000000d6b00000)
  from space 1024K, 97% used [0x00000000d7100000,0x00000000d71f8ba0,0x00000000d7200000)
  to   space 1536K, 0% used [0x00000000d6f00000,0x00000000d6f00000,0x00000000d7080000)
 ParOldGen       total 68608K, used 19756K [0x0000000080000000, 0x0000000084300000, 0x00000000d5580000)
  object space 68608K, 28% used [0x0000000080000000,0x000000008134b358,0x0000000084300000)
 Metaspace       used 37419K, committed 38656K, reserved 1114112K
  class space    used 3889K, committed 4416K, reserved 1048576K
}
Event: 4.818 GC heap before
{Heap before GC invocations=17 (full 2):
 PSYoungGen      total 23040K, used 23007K [0x00000000d5580000, 0x00000000d7200000, 0x0000000100000000)
  eden space 22016K, 99% used [0x00000000d5580000,0x00000000d6aff188,0x00000000d6b00000)
  from space 1024K, 97% used [0x00000000d7100000,0x00000000d71f8ba0,0x00000000d7200000)
  to   space 1536K, 0% used [0x00000000d6f00000,0x00000000d6f00000,0x00000000d7080000)
 ParOldGen       total 68608K, used 19756K [0x0000000080000000, 0x0000000084300000, 0x00000000d5580000)
  object space 68608K, 28% used [0x0000000080000000,0x000000008134b358,0x0000000084300000)
 Metaspace       used 39271K, committed 40512K, reserved 1114112K
  class space    used 4144K, committed 4672K, reserved 1048576K
}
Event: 4.822 GC heap after
{Heap after GC invocations=17 (full 2):
 PSYoungGen      total 23040K, used 1024K [0x00000000d5580000, 0x00000000d7180000, 0x0000000100000000)
  eden space 22016K, 0% used [0x00000000d5580000,0x00000000d5580000,0x00000000d6b00000)
  from space 1024K, 100% used [0x00000000d6f00000,0x00000000d7000000,0x00000000d7000000)
  to   space 1536K, 0% used [0x00000000d7000000,0x00000000d7000000,0x00000000d7180000)
 ParOldGen       total 68608K, used 20680K [0x0000000080000000, 0x0000000084300000, 0x00000000d5580000)
  object space 68608K, 30% used [0x0000000080000000,0x00000000814321d8,0x0000000084300000)
 Metaspace       used 39271K, committed 40512K, reserved 1114112K
  class space    used 4144K, committed 4672K, reserved 1048576K
}

Dll operation events (10 events):
Event: 0.007 Loaded shared library c:\Users\CYBORG 15\.vscode\extensions\redhat.java-1.53.0-win32-x64\jre\21.0.10-win32-x86_64\bin\java.dll
Event: 0.053 Loaded shared library c:\Users\CYBORG 15\.vscode\extensions\redhat.java-1.53.0-win32-x64\jre\21.0.10-win32-x86_64\bin\zip.dll
Event: 0.073 Loaded shared library C:\Users\CYBORG 15\.vscode\extensions\redhat.java-1.53.0-win32-x64\jre\21.0.10-win32-x86_64\bin\instrument.dll
Event: 0.077 Loaded shared library C:\Users\CYBORG 15\.vscode\extensions\redhat.java-1.53.0-win32-x64\jre\21.0.10-win32-x86_64\bin\net.dll
Event: 0.079 Loaded shared library C:\Users\CYBORG 15\.vscode\extensions\redhat.java-1.53.0-win32-x64\jre\21.0.10-win32-x86_64\bin\nio.dll
Event: 0.081 Loaded shared library C:\Users\CYBORG 15\.vscode\extensions\redhat.java-1.53.0-win32-x64\jre\21.0.10-win32-x86_64\bin\zip.dll
Event: 0.096 Loaded shared library C:\Users\CYBORG 15\.vscode\extensions\redhat.java-1.53.0-win32-x64\jre\21.0.10-win32-x86_64\bin\jimage.dll
Event: 0.164 Loaded shared library c:\Users\CYBORG 15\.vscode\extensions\redhat.java-1.53.0-win32-x64\jre\21.0.10-win32-x86_64\bin\verify.dll
Event: 1.212 Loaded shared library C:\Users\CYBORG 15\AppData\Roaming\Code\User\globalStorage\redhat.java\1.53.0\config_win\org.eclipse.equinox.launcher\org.eclipse.equinox.launcher.win32.win32.x86_64_1.3.0.v20260203-2149\eclipse_11919.dll
Event: 2.327 Loaded shared library C:\Users\CYBORG 15\AppData\Local\Temp\jna-436212364\jna9398747732931418135.dll

Deoptimization events (20 events):
Event: 4.645 Thread 0x000001eb7d581a60 Uncommon trap: trap_request=0xffffffde fr.pc=0x000001eb07d8b088 relative=0x0000000000000228
Event: 4.645 Thread 0x000001eb7d581a60 Uncommon trap: reason=class_check action=maybe_recompile pc=0x000001eb07d8b088 method=java.util.regex.Matcher.getTextLength()I @ 4 c2
Event: 4.646 Thread 0x000001eb7d581a60 DEOPT PACKING pc=0x000001eb07d8b088 sp=0x000000abf22fded0
Event: 4.646 Thread 0x000001eb7d581a60 DEOPT UNPACKING pc=0x000001eb074a3aa2 sp=0x000000abf22fddf8 mode 2
Event: 4.765 Thread 0x000001eb7d581a60 Uncommon trap: trap_request=0xffffff45 fr.pc=0x000001eb07e528bc relative=0x00000000000017bc
Event: 4.765 Thread 0x000001eb7d581a60 Uncommon trap: reason=unstable_if action=reinterpret pc=0x000001eb07e528bc method=sun.nio.cs.StreamDecoder.lockedRead0()I @ 30 c2
Event: 4.766 Thread 0x000001eb7d581a60 DEOPT PACKING pc=0x000001eb07e528bc sp=0x000000abf22fdc00
Event: 4.766 Thread 0x000001eb7d581a60 DEOPT UNPACKING pc=0x000001eb074a3aa2 sp=0x000000abf22fda58 mode 2
Event: 4.766 Thread 0x000001eb7d581a60 Uncommon trap: trap_request=0xffffff45 fr.pc=0x000001eb07e4c860 relative=0x0000000000001860
Event: 4.766 Thread 0x000001eb7d581a60 Uncommon trap: reason=unstable_if action=reinterpret pc=0x000001eb07e4c860 method=sun.nio.cs.StreamDecoder.lockedRead0()I @ 30 c2
Event: 4.766 Thread 0x000001eb7d581a60 DEOPT PACKING pc=0x000001eb07e4c860 sp=0x000000abf22fdb50
Event: 4.766 Thread 0x000001eb7d581a60 DEOPT UNPACKING pc=0x000001eb074a3aa2 sp=0x000000abf22fda58 mode 2
Event: 4.773 Thread 0x000001eb7d581a60 Uncommon trap: trap_request=0xffffff45 fr.pc=0x000001eb07e58074 relative=0x00000000000010b4
Event: 4.773 Thread 0x000001eb7d581a60 Uncommon trap: reason=unstable_if action=reinterpret pc=0x000001eb07e58074 method=sun.nio.cs.StreamDecoder.lockedRead0()I @ 30 c2
Event: 4.774 Thread 0x000001eb7d581a60 DEOPT PACKING pc=0x000001eb07e58074 sp=0x000000abf22fddf0
Event: 4.774 Thread 0x000001eb7d581a60 DEOPT UNPACKING pc=0x000001eb074a3aa2 sp=0x000000abf22fdae0 mode 2
Event: 4.774 Thread 0x000001eb7d581a60 Uncommon trap: trap_request=0xffffffde fr.pc=0x000001eb07d8b088 relative=0x0000000000000228
Event: 4.774 Thread 0x000001eb7d581a60 Uncommon trap: reason=class_check action=maybe_recompile pc=0x000001eb07d8b088 method=java.util.regex.Matcher.getTextLength()I @ 4 c2
Event: 4.774 Thread 0x000001eb7d581a60 DEOPT PACKING pc=0x000001eb07d8b088 sp=0x000000abf22fded0
Event: 4.774 Thread 0x000001eb7d581a60 DEOPT UNPACKING pc=0x000001eb074a3aa2 sp=0x000000abf22fddf8 mode 2

Classes loaded (20 events):
Event: 4.541 Loading class sun/util/cldr/CLDRCalendarNameProviderImpl
Event: 4.541 Loading class sun/util/locale/provider/CalendarNameProviderImpl
Event: 4.542 Loading class sun/util/locale/provider/CalendarNameProviderImpl done
Event: 4.542 Loading class sun/util/cldr/CLDRCalendarNameProviderImpl done
Event: 4.544 Loading class sun/util/locale/provider/CalendarNameProviderImpl$LengthBasedComparator
Event: 4.544 Loading class sun/util/locale/provider/CalendarNameProviderImpl$LengthBasedComparator done
Event: 4.567 Loading class java/lang/annotation/IncompleteAnnotationException
Event: 4.567 Loading class java/lang/annotation/IncompleteAnnotationException done
Event: 4.575 Loading class java/time/format/DateTimeParseContext
Event: 4.575 Loading class java/time/format/DateTimeParseContext done
Event: 4.575 Loading class java/time/format/Parsed
Event: 4.576 Loading class java/time/format/Parsed done
Event: 4.604 Loading class sun/reflect/generics/repository/FieldRepository
Event: 4.604 Loading class sun/reflect/generics/repository/FieldRepository done
Event: 4.611 Loading class sun/nio/ch/WindowsAsynchronousFileChannelImpl$WriteTask
Event: 4.612 Loading class sun/nio/ch/WindowsAsynchronousFileChannelImpl$WriteTask done
Event: 4.617 Loading class java/lang/foreign/MemorySegment
Event: 4.617 Loading class java/lang/foreign/MemorySegment done
Event: 4.646 Loading class java/lang/ExceptionInInitializerError
Event: 4.646 Loading class java/lang/ExceptionInInitializerError done

Classes unloaded (7 events):
Event: 2.740 Thread 0x000001eb71f8e6f0 Unloading class 0x000001eb101ab000 'java/lang/invoke/LambdaForm$MH+0x000001eb101ab000'
Event: 2.740 Thread 0x000001eb71f8e6f0 Unloading class 0x000001eb101aac00 'java/lang/invoke/LambdaForm$MH+0x000001eb101aac00'
Event: 2.740 Thread 0x000001eb71f8e6f0 Unloading class 0x000001eb101aa800 'java/lang/invoke/LambdaForm$MH+0x000001eb101aa800'
Event: 2.740 Thread 0x000001eb71f8e6f0 Unloading class 0x000001eb101aa400 'java/lang/invoke/LambdaForm$MH+0x000001eb101aa400'
Event: 2.740 Thread 0x000001eb71f8e6f0 Unloading class 0x000001eb101aa000 'java/lang/invoke/LambdaForm$BMH+0x000001eb101aa000'
Event: 2.740 Thread 0x000001eb71f8e6f0 Unloading class 0x000001eb101a9c00 'java/lang/invoke/LambdaForm$DMH+0x000001eb101a9c00'
Event: 2.740 Thread 0x000001eb71f8e6f0 Unloading class 0x000001eb101a8800 'java/lang/invoke/LambdaForm$DMH+0x000001eb101a8800'

Classes redefined (0 events):
No events

Internal exceptions (20 events):
Event: 4.267 Thread 0x000001eb7d5834a0 Exception <a 'sun/nio/fs/WindowsException'{0x00000000d58e47c8}> (0x00000000d58e47c8) 
thrown [s\src\hotspot\share\prims\jni.cpp, line 520]
Event: 4.269 Thread 0x000001eb7d5834a0 Exception <a 'sun/nio/fs/WindowsException'{0x00000000d591b980}> (0x00000000d591b980) 
thrown [s\src\hotspot\share\prims\jni.cpp, line 520]
Event: 4.269 Thread 0x000001eb7d5834a0 Exception <a 'sun/nio/fs/WindowsException'{0x00000000d591bfb0}> (0x00000000d591bfb0) 
thrown [s\src\hotspot\share\prims\jni.cpp, line 520]
Event: 4.272 Thread 0x000001eb7d5834a0 Exception <a 'sun/nio/fs/WindowsException'{0x00000000d5951f90}> (0x00000000d5951f90) 
thrown [s\src\hotspot\share\prims\jni.cpp, line 520]
Event: 4.272 Thread 0x000001eb7d5834a0 Exception <a 'sun/nio/fs/WindowsException'{0x00000000d5952820}> (0x00000000d5952820) 
thrown [s\src\hotspot\share\prims\jni.cpp, line 520]
Event: 4.273 Thread 0x000001eb7d5834a0 Exception <a 'sun/nio/fs/WindowsException'{0x00000000d5958930}> (0x00000000d5958930) 
thrown [s\src\hotspot\share\prims\jni.cpp, line 520]
Event: 4.273 Thread 0x000001eb7d5834a0 Exception <a 'sun/nio/fs/WindowsException'{0x00000000d5958f60}> (0x00000000d5958f60) 
thrown [s\src\hotspot\share\prims\jni.cpp, line 520]
Event: 4.291 Thread 0x000001eb7d5834a0 Exception <a 'sun/nio/fs/WindowsException'{0x00000000d5a90388}> (0x00000000d5a90388) 
thrown [s\src\hotspot\share\prims\jni.cpp, line 520]
Event: 4.291 Thread 0x000001eb7d5834a0 Exception <a 'sun/nio/fs/WindowsException'{0x00000000d5a90c18}> (0x00000000d5a90c18) 
thrown [s\src\hotspot\share\prims\jni.cpp, line 520]
Event: 4.425 Thread 0x000001eb7d5834a0 Exception <a 'sun/nio/fs/WindowsException'{0x00000000d67053c0}> (0x00000000d67053c0) 
thrown [s\src\hotspot\share\prims\jni.cpp, line 520]
Event: 4.451 Thread 0x000001eb71ecc8d0 Exception <a 'java/lang/NoSuchMethodError'{0x00000000d695ecc8}: 'void java.lang.invoke.DirectMethodHandle$Holder.invokeSpecial(java.lang.Object, java.lang.Object, java.lang.Object, java.lang.Object, java.lang.Object, java.lang.Object)'> (0x00000000d695ecc8) 
thrown [s\src\hotspot\share\interpreter\linkResolver.cpp, line 773]
Event: 4.453 Thread 0x000001eb7d5834a0 Exception <a 'java/io/FileNotFoundException'{0x00000000d692b6e0}> (0x00000000d692b6e0) 
thrown [s\src\hotspot\share\prims\jni.cpp, line 520]
Event: 4.454 Thread 0x000001eb7d5834a0 Exception <a 'java/io/FileNotFoundException'{0x00000000d69816b8}> (0x00000000d69816b8) 
thrown [s\src\hotspot\share\prims\jni.cpp, line 520]
Event: 4.455 Thread 0x000001eb71ecc8d0 Exception <a 'java/lang/IncompatibleClassChangeError'{0x00000000d69671b0}: Found class java.lang.Object, but interface was expected> (0x00000000d69671b0) 
thrown [s\src\hotspot\share\interpreter\linkResolver.cpp, line 840]
Event: 4.456 Thread 0x000001eb71ecc8d0 Exception <a 'java/lang/IncompatibleClassChangeError'{0x00000000d698df80}: Found class java.lang.Object, but interface was expected> (0x00000000d698df80) 
thrown [s\src\hotspot\share\interpreter\linkResolver.cpp, line 840]
Event: 4.458 Thread 0x000001eb7d5834a0 Exception <a 'java/lang/NoSuchMethodError'{0x00000000d6997170}: 'java.lang.Object java.lang.invoke.DirectMethodHandle$Holder.newInvokeSpecial(java.lang.Object, java.lang.Object, java.lang.Object, int)'> (0x00000000d6997170) 
thrown [s\src\hotspot\share\interpreter\linkResolver.cpp, line 773]
Event: 4.459 Thread 0x000001eb7d5834a0 Exception <a 'java/lang/NoSuchMethodError'{0x00000000d699ade8}: 'java.lang.Object java.lang.invoke.DirectMethodHandle$Holder.invokeSpecial(java.lang.Object, java.lang.Object, java.lang.Object, java.lang.Object, int)'> (0x00000000d699ade8) 
thrown [s\src\hotspot\share\interpreter\linkResolver.cpp, line 773]
Event: 4.460 Thread 0x000001eb7d5834a0 Exception <a 'java/lang/NoSuchMethodError'{0x00000000d699e290}: 'java.lang.Object java.lang.invoke.Invokers$Holder.linkToTargetMethod(java.lang.Object, java.lang.Object, int, java.lang.Object)'> (0x00000000d699e290) 
thrown [s\src\hotspot\share\interpreter\linkResolver.cpp, line 773]
Event: 4.463 Thread 0x000001eb7d5834a0 Exception <a 'java/lang/NoSuchMethodError'{0x00000000d69de098}: 'void java.lang.invoke.DirectMethodHandle$Holder.invokeStaticInit(java.lang.Object, java.lang.Object, java.lang.Object)'> (0x00000000d69de098) 
thrown [s\src\hotspot\share\interpreter\linkResolver.cpp, line 773]
Event: 4.568 Thread 0x000001eb7d581a60 Exception <a 'java/lang/NoClassDefFoundError'{0x00000000d59487f0}: javax/enterprise/inject/Typed> (0x00000000d59487f0) 
thrown [s\src\hotspot\share\classfile\systemDictionary.cpp, line 301]

ZGC Phase Switch (0 events):
No events

VM Operations (20 events):
Event: 3.454 Executing non-safepoint VM operation: HandshakeAllThreads (Deoptimize)
Event: 3.454 Executing non-safepoint VM operation: HandshakeAllThreads (Deoptimize) done
Event: 3.490 Executing non-safepoint VM operation: HandshakeAllThreads (Deoptimize)
Event: 3.490 Executing non-safepoint VM operation: HandshakeAllThreads (Deoptimize) done
Event: 3.775 Executing safepoint VM operation: ParallelGCFailedAllocation (Allocation Failure)
Event: 3.778 Executing safepoint VM operation: ParallelGCFailedAllocation (Allocation Failure) done
Event: 3.861 Executing non-safepoint VM operation: HandshakeAllThreads (Deoptimize)
Event: 3.864 Executing non-safepoint VM operation: HandshakeAllThreads (Deoptimize) done
Event: 4.087 Executing safepoint VM operation: ParallelGCFailedAllocation (Allocation Failure)
Event: 4.093 Executing safepoint VM operation: ParallelGCFailedAllocation (Allocation Failure) done
Event: 4.166 Executing safepoint VM operation: CollectForMetadataAllocation (Metadata GC Threshold)
Event: 4.211 Executing safepoint VM operation: CollectForMetadataAllocation (Metadata GC Threshold) done
Event: 4.211 Executing safepoint VM operation: CollectForMetadataAllocation (Metadata GC Threshold)
Event: 4.212 Executing safepoint VM operation: CollectForMetadataAllocation (Metadata GC Threshold) done
Event: 4.483 Executing safepoint VM operation: ParallelGCFailedAllocation (Allocation Failure)
Event: 4.489 Executing safepoint VM operation: ParallelGCFailedAllocation (Allocation Failure) done
Event: 4.547 Executing non-safepoint VM operation: HandshakeAllThreads (Deoptimize)
Event: 4.548 Executing non-safepoint VM operation: HandshakeAllThreads (Deoptimize) done
Event: 4.818 Executing safepoint VM operation: ParallelGCFailedAllocation (Allocation Failure)
Event: 4.822 Executing safepoint VM operation: ParallelGCFailedAllocation (Allocation Failure) done

Memory protections (0 events):
No events

Nmethod flushes (20 events):
Event: 4.193 Thread 0x000001eb71f8e6f0 flushing  nmethod 0x000001eb0074e510
Event: 4.193 Thread 0x000001eb71f8e6f0 flushing  nmethod 0x000001eb00756910
Event: 4.193 Thread 0x000001eb71f8e6f0 flushing  nmethod 0x000001eb0075da10
Event: 4.193 Thread 0x000001eb71f8e6f0 flushing  nmethod 0x000001eb00781490
Event: 4.193 Thread 0x000001eb71f8e6f0 flushing  nmethod 0x000001eb00781890
Event: 4.193 Thread 0x000001eb71f8e6f0 flushing  nmethod 0x000001eb00782190
Event: 4.193 Thread 0x000001eb71f8e6f0 flushing  nmethod 0x000001eb00783390
Event: 4.193 Thread 0x000001eb71f8e6f0 flushing  nmethod 0x000001eb00783b90
Event: 4.193 Thread 0x000001eb71f8e6f0 flushing  nmethod 0x000001eb00784c90
Event: 4.193 Thread 0x000001eb71f8e6f0 flushing  nmethod 0x000001eb00785d90
Event: 4.193 Thread 0x000001eb71f8e6f0 flushing  nmethod 0x000001eb00786690
Event: 4.193 Thread 0x000001eb71f8e6f0 flushing  nmethod 0x000001eb00787a90
Event: 4.193 Thread 0x000001eb71f8e6f0 flushing  nmethod 0x000001eb00789510
Event: 4.193 Thread 0x000001eb71f8e6f0 flushing  nmethod 0x000001eb0078af90
Event: 4.193 Thread 0x000001eb71f8e6f0 flushing  nmethod 0x000001eb007cf790
Event: 4.193 Thread 0x000001eb71f8e6f0 flushing  nmethod 0x000001eb007d0290
Event: 4.193 Thread 0x000001eb71f8e6f0 flushing  nmethod 0x000001eb007d6010
Event: 4.193 Thread 0x000001eb71f8e6f0 flushing  nmethod 0x000001eb007f7c90
Event: 4.193 Thread 0x000001eb71f8e6f0 flushing  nmethod 0x000001eb008b0290
Event: 4.193 Thread 0x000001eb71f8e6f0 flushing  nmethod 0x000001eb008b0710

Events (20 events):
Event: 3.918 Thread 0x000001eb71ecc8d0 Thread added: 0x000001eb7eac4900
Event: 3.919 Thread 0x000001eb71ecc8d0 Thread added: 0x000001eb7eac4270
Event: 3.919 Thread 0x000001eb71ecc8d0 Thread added: 0x000001eb7eac8410
Event: 3.920 Thread 0x000001eb71ecc8d0 Thread added: 0x000001eb7eac5620
Event: 3.920 Thread 0x000001eb71ecc8d0 Thread added: 0x000001eb7eac69d0
Event: 3.921 Thread 0x000001eb71ecc8d0 Thread added: 0x000001eb7eac4f90
Event: 3.921 Thread 0x000001eb71ecc8d0 Thread added: 0x000001eb7eac7060
Event: 3.921 Thread 0x000001eb71ecc8d0 Thread added: 0x000001eb7eac8aa0
Event: 3.922 Thread 0x000001eb71ecc8d0 Thread added: 0x000001eb7eac5cb0
Event: 3.922 Thread 0x000001eb71ecc8d0 Thread added: 0x000001eb7eac9130
Event: 3.923 Thread 0x000001eb71ecc8d0 Thread added: 0x000001eb7eac76f0
Event: 3.924 Thread 0x000001eb71ecc8d0 Thread added: 0x000001eb7eac97c0
Event: 3.925 Thread 0x000001eb71ecc8d0 Thread added: 0x000001eb7eac6340
Event: 4.048 Thread 0x000001eb71ecc8d0 Thread added: 0x000001eb7eac7d80
Event: 4.068 Thread 0x000001eb7eac21a0 Thread added: 0x000001eb547a6350
Event: 4.529 Thread 0x000001eb71ecc8d0 Thread added: 0x000001eb547a7070
Event: 4.530 Thread 0x000001eb71ecc8d0 Thread added: 0x000001eb547a8420
Event: 4.622 Thread 0x000001eb7af86090 Thread added: 0x000001eb7e2b1050
Event: 4.622 Thread 0x000001eb7af86090 Thread added: 0x000001eb7e2b46d0
Event: 4.622 Thread 0x000001eb7af86090 Thread added: 0x000001eb7e2b1720


Dynamic libraries:
0x00007ff663e40000 - 0x00007ff663e4e000 	c:\Users\CYBORG 15\.vscode\extensions\redhat.java-1.53.0-win32-x64\jre\21.0.10-win32-x86_64\bin\java.exe
0x00007ffa875c0000 - 0x00007ffa87827000 	C:\WINDOWS\SYSTEM32\ntdll.dll
0x00007ffa86720000 - 0x00007ffa867e9000 	C:\WINDOWS\System32\KERNEL32.DLL
0x00007ffa83fe0000 - 0x00007ffa843d1000 	C:\WINDOWS\System32\KERNELBASE.dll
0x00007ffa849a0000 - 0x00007ffa84aeb000 	C:\WINDOWS\System32\ucrtbase.dll
0x00007ffa68940000 - 0x00007ffa6895e000 	c:\Users\CYBORG 15\.vscode\extensions\redhat.java-1.53.0-win32-x64\jre\21.0.10-win32-x86_64\bin\VCRUNTIME140.dll
0x00007ffa5ec60000 - 0x00007ffa5ec78000 	c:\Users\CYBORG 15\.vscode\extensions\redhat.java-1.53.0-win32-x64\jre\21.0.10-win32-x86_64\bin\jli.dll
0x00007ffa86e70000 - 0x00007ffa87035000 	C:\WINDOWS\System32\USER32.dll
0x00007ffa67f50000 - 0x00007ffa681e3000 	C:\WINDOWS\WinSxS\amd64_microsoft.windows.common-controls_6595b64144ccf1df_6.0.26100.8037_none_3e092faae333b53b\COMCTL32.dll
0x00007ffa84490000 - 0x00007ffa844b7000 	C:\WINDOWS\System32\win32u.dll
0x00007ffa85fc0000 - 0x00007ffa86069000 	C:\WINDOWS\System32\msvcrt.dll
0x00007ffa85360000 - 0x00007ffa8538b000 	C:\WINDOWS\System32\GDI32.dll
0x00007ffa84640000 - 0x00007ffa8476b000 	C:\WINDOWS\System32\gdi32full.dll
0x00007ffa83f30000 - 0x00007ffa83fd3000 	C:\WINDOWS\System32\msvcp_win.dll
0x00007ffa86b80000 - 0x00007ffa86bb1000 	C:\WINDOWS\System32\IMM32.DLL
0x00007ffa792f0000 - 0x00007ffa792fc000 	c:\Users\CYBORG 15\.vscode\extensions\redhat.java-1.53.0-win32-x64\jre\21.0.10-win32-x86_64\bin\vcruntime140_1.dll
0x00007ffa4b740000 - 0x00007ffa4b7cd000 	c:\Users\CYBORG 15\.vscode\extensions\redhat.java-1.53.0-win32-x64\jre\21.0.10-win32-x86_64\bin\msvcp140.dll
0x00007ff9a64a0000 - 0x00007ff9a7241000 	c:\Users\CYBORG 15\.vscode\extensions\redhat.java-1.53.0-win32-x64\jre\21.0.10-win32-x86_64\bin\server\jvm.dll
0x00007ffa869d0000 - 0x00007ffa86a8b000 	C:\WINDOWS\System32\ADVAPI32.dll
0x00007ffa86dc0000 - 0x00007ffa86e67000 	C:\WINDOWS\System32\sechost.dll
0x00007ffa86170000 - 0x00007ffa86288000 	C:\WINDOWS\System32\RPCRT4.dll
0x00007ffa860f0000 - 0x00007ffa86164000 	C:\WINDOWS\System32\WS2_32.dll
0x00007ffa83700000 - 0x00007ffa8375e000 	C:\WINDOWS\SYSTEM32\POWRPROF.dll
0x00007ffa78870000 - 0x00007ffa788a5000 	C:\WINDOWS\SYSTEM32\WINMM.dll
0x00007ffa79c70000 - 0x00007ffa79c7b000 	C:\WINDOWS\SYSTEM32\VERSION.dll
0x00007ffa836e0000 - 0x00007ffa836f4000 	C:\WINDOWS\SYSTEM32\UMPDC.dll
0x00007ffa82b50000 - 0x00007ffa82b6b000 	C:\WINDOWS\SYSTEM32\kernel.appcore.dll
0x00007ffa76a10000 - 0x00007ffa76a1a000 	c:\Users\CYBORG 15\.vscode\extensions\redhat.java-1.53.0-win32-x64\jre\21.0.10-win32-x86_64\bin\jimage.dll
0x00007ffa81da0000 - 0x00007ffa81fe2000 	C:\WINDOWS\SYSTEM32\DBGHELP.DLL
0x00007ffa87040000 - 0x00007ffa873c2000 	C:\WINDOWS\System32\combase.dll
0x00007ffa85cb0000 - 0x00007ffa85d87000 	C:\WINDOWS\System32\OLEAUT32.dll
0x00007ffa78630000 - 0x00007ffa7866b000 	C:\WINDOWS\SYSTEM32\dbgcore.DLL
0x00007ffa843e0000 - 0x00007ffa84485000 	C:\WINDOWS\System32\bcryptPrimitives.dll
0x00007ffa6fca0000 - 0x00007ffa6fcaf000 	c:\Users\CYBORG 15\.vscode\extensions\redhat.java-1.53.0-win32-x64\jre\21.0.10-win32-x86_64\bin\instrument.dll
0x00007ffa5bd20000 - 0x00007ffa5bd40000 	c:\Users\CYBORG 15\.vscode\extensions\redhat.java-1.53.0-win32-x64\jre\21.0.10-win32-x86_64\bin\java.dll
0x00007ffa85540000 - 0x00007ffa85c9f000 	C:\WINDOWS\System32\SHELL32.dll
0x00007ffa84770000 - 0x00007ffa848da000 	C:\WINDOWS\System32\wintypes.dll
0x00007ffa84af0000 - 0x00007ffa85354000 	C:\WINDOWS\System32\windows.storage.dll
0x00007ffa86bc0000 - 0x00007ffa86cb7000 	C:\WINDOWS\System32\SHCORE.dll
0x00007ffa86a90000 - 0x00007ffa86af7000 	C:\WINDOWS\System32\shlwapi.dll
0x00007ffa83dc0000 - 0x00007ffa83de9000 	C:\WINDOWS\SYSTEM32\profapi.dll
0x00007ffa5ba80000 - 0x00007ffa5ba98000 	c:\Users\CYBORG 15\.vscode\extensions\redhat.java-1.53.0-win32-x64\jre\21.0.10-win32-x86_64\bin\zip.dll
0x00007ffa697b0000 - 0x00007ffa697c0000 	C:\Users\CYBORG 15\.vscode\extensions\redhat.java-1.53.0-win32-x64\jre\21.0.10-win32-x86_64\bin\net.dll
0x00007ffa7a350000 - 0x00007ffa7a477000 	C:\WINDOWS\SYSTEM32\WINHTTP.dll
0x00007ffa83140000 - 0x00007ffa831ab000 	C:\WINDOWS\system32\mswsock.dll
0x00007ffa56e40000 - 0x00007ffa56e56000 	C:\Users\CYBORG 15\.vscode\extensions\redhat.java-1.53.0-win32-x64\jre\21.0.10-win32-x86_64\bin\nio.dll
0x00007ffa68900000 - 0x00007ffa68910000 	c:\Users\CYBORG 15\.vscode\extensions\redhat.java-1.53.0-win32-x64\jre\21.0.10-win32-x86_64\bin\verify.dll
0x00007ffa4f160000 - 0x00007ffa4f1a5000 	C:\Users\CYBORG 15\AppData\Roaming\Code\User\globalStorage\redhat.java\1.53.0\config_win\org.eclipse.equinox.launcher\org.eclipse.equinox.launcher.win32.win32.x86_64_1.3.0.v20260203-2149\eclipse_11919.dll
0x00007ffa873e0000 - 0x00007ffa87575000 	C:\WINDOWS\System32\ole32.dll
0x00007ffa83540000 - 0x00007ffa8355b000 	C:\WINDOWS\SYSTEM32\CRYPTSP.dll
0x00007ffa82b70000 - 0x00007ffa82ba9000 	C:\WINDOWS\system32\rsaenh.dll
0x00007ffa831f0000 - 0x00007ffa83222000 	C:\WINDOWS\SYSTEM32\USERENV.dll
0x00007ffa83d90000 - 0x00007ffa83dba000 	C:\WINDOWS\SYSTEM32\bcrypt.dll
0x00007ffa833a0000 - 0x00007ffa833ac000 	C:\WINDOWS\SYSTEM32\CRYPTBASE.dll
0x00007ffa82630000 - 0x00007ffa82663000 	C:\WINDOWS\SYSTEM32\IPHLPAPI.DLL
0x00007ffa85460000 - 0x00007ffa8546a000 	C:\WINDOWS\System32\NSI.dll
0x00007ffa50200000 - 0x00007ffa50249000 	C:\Users\CYBORG 15\AppData\Local\Temp\jna-436212364\jna9398747732931418135.dll
0x00007ffa854a0000 - 0x00007ffa854a8000 	C:\WINDOWS\System32\PSAPI.DLL
0x00007ffa7b580000 - 0x00007ffa7b59d000 	C:\WINDOWS\SYSTEM32\dhcpcsvc6.DLL
0x00007ffa7b550000 - 0x00007ffa7b573000 	C:\WINDOWS\SYSTEM32\dhcpcsvc.DLL

JVMTI agents:
c:\Users\CYBORG 15\.vscode\extensions\redhat.java-1.53.0-win32-x64\lombok\lombok-1.18.39-4050.jar path:c:\Users\CYBORG 15\.vscode\extensions\redhat.java-1.53.0-win32-x64\jre\21.0.10-win32-x86_64\bin\instrument.dll, loaded, initialized, instrumentlib options:none

dbghelp: loaded successfully - version: 4.0.5 - missing functions: none
symbol engine: initialized successfully - sym options: 0x614 - pdb path: .;c:\Users\CYBORG 15\.vscode\extensions\redhat.java-1.53.0-win32-x64\jre\21.0.10-win32-x86_64\bin;C:\WINDOWS\SYSTEM32;C:\WINDOWS\WinSxS\amd64_microsoft.windows.common-controls_6595b64144ccf1df_6.0.26100.8037_none_3e092faae333b53b;c:\Users\CYBORG 15\.vscode\extensions\redhat.java-1.53.0-win32-x64\jre\21.0.10-win32-x86_64\bin\server;C:\Users\CYBORG 15\AppData\Roaming\Code\User\globalStorage\redhat.java\1.53.0\config_win\org.eclipse.equinox.launcher\org.eclipse.equinox.launcher.win32.win32.x86_64_1.3.0.v20260203-2149;C:\Users\CYBORG 15\AppData\Local\Temp\jna-436212364

VM Arguments:
jvm_args: --add-modules=ALL-SYSTEM --add-opens=java.base/java.util=ALL-UNNAMED --add-opens=java.base/java.lang=ALL-UNNAMED --add-opens=java.base/sun.nio.fs=ALL-UNNAMED -Declipse.application=org.eclipse.jdt.ls.core.id1 -Dosgi.bundles.defaultStartLevel=4 -Declipse.product=org.eclipse.jdt.ls.core.product -Djava.import.generatesMetadataFilesAtProjectRoot=false -DDetectVMInstallationsJob.disabled=true -Dfile.encoding=utf8 -XX:+UseParallelGC -XX:GCTimeRatio=4 -XX:AdaptiveSizePolicyWeight=90 -Dsun.zip.disableMemoryMapping=true -Xmx2G -Xms100m -Xlog:disable -javaagent:c:\Users\CYBORG 15\.vscode\extensions\redhat.java-1.53.0-win32-x64\lombok\lombok-1.18.39-4050.jar -XX:+HeapDumpOnOutOfMemoryError -XX:HeapDumpPath=c:\Users\CYBORG 15\AppData\Roaming\Code\User\workspaceStorage\e3dcc4ea57817ddeae71ade39f4d01f5\redhat.java -Daether.dependencyCollector.impl=bf 
java_command: c:\Users\CYBORG 15\.vscode\extensions\redhat.java-1.53.0-win32-x64\server\plugins\org.eclipse.equinox.launcher_1.7.100.v20251111-0406.jar -configuration c:\Users\CYBORG 15\AppData\Roaming\Code\User\globalStorage\redhat.java\1.53.0\config_win -data c:\Users\CYBORG 15\AppData\Roaming\Code\User\workspaceStorage\e3dcc4ea57817ddeae71ade39f4d01f5\redhat.java\jdt_ws --pipe=\\.\pipe\lsp-f18310ec0ecf7140a64b65b93bd8e36e-sock
java_class_path (initial): c:\Users\CYBORG 15\.vscode\extensions\redhat.java-1.53.0-win32-x64\server\plugins\org.eclipse.equinox.launcher_1.7.100.v20251111-0406.jar
Launcher Type: SUN_STANDARD

[Global flags]
    uintx AdaptiveSizePolicyWeight                 = 90                                        {product} {command line}
     intx CICompilerCount                          = 12                                        {product} {ergonomic}
    uintx GCTimeRatio                              = 4                                         {product} {command line}
     bool HeapDumpOnOutOfMemoryError               = true                                   {manageable} {command line}
    ccstr HeapDumpPath                             = c:\Users\CYBORG 15\AppData\Roaming\Code\User\workspaceStorage\e3dcc4ea57817ddeae71ade39f4d01f5\redhat.java         {manageable} {command line}
   size_t InitialHeapSize                          = 104857600                                 {product} {command line}
   size_t MaxHeapSize                              = 2147483648                                {product} {command line}
   size_t MaxNewSize                               = 715653120                                 {product} {ergonomic}
   size_t MinHeapDeltaBytes                        = 524288                                    {product} {ergonomic}
   size_t MinHeapSize                              = 104857600                                 {product} {command line}
   size_t NewSize                                  = 34603008                                  {product} {ergonomic}
    uintx NonNMethodCodeHeapSize                   = 7602480                                {pd product} {ergonomic}
    uintx NonProfiledCodeHeapSize                  = 122027880                              {pd product} {ergonomic}
   size_t OldSize                                  = 70254592                                  {product} {ergonomic}
    uintx ProfiledCodeHeapSize                     = 122027880                              {pd product} {ergonomic}
    uintx ReservedCodeCacheSize                    = 251658240                              {pd product} {ergonomic}
     bool SegmentedCodeCache                       = true                                      {product} {ergonomic}
   size_t SoftMaxHeapSize                          = 2147483648                             {manageable} {ergonomic}
     bool UseCompressedOops                        = true                           {product lp64_product} {ergonomic}
     bool UseLargePagesIndividualAllocation        = false                                  {pd product} {ergonomic}
     bool UseParallelGC                            = true                                      {product} {command line}

Logging:
Log output configuration:
 #0: stdout all=off uptime,level,tags foldmultilines=false
 #1: stderr all=off uptime,level,tags foldmultilines=false

Release file:
JAVA_VERSION="21.0.10" 
MODULES="java.base java.compiler java.datatransfer java.xml java.prefs java.desktop java.instrument java.logging java.management java.security.sasl java.naming java.rmi java.management.rmi java.net.http java.scripting java.security.jgss java.transaction.xa java.sql java.sql.rowset java.xml.crypto java.se java.smartcardio jdk.accessibility jdk.internal.jvmstat jdk.attach jdk.charsets jdk.internal.opt jdk.zipfs jdk.compiler jdk.crypto.ec jdk.crypto.cryptoki jdk.crypto.mscapi jdk.dynalink jdk.internal.ed jdk.editpad jdk.hotspot.agent jdk.httpserver jdk.internal.le jdk.internal.vm.ci jdk.internal.vm.compiler jdk.internal.vm.compiler.management jdk.jartool jdk.javadoc jdk.jcmd jdk.management jdk.management.agent jdk.jconsole jdk.jdeps jdk.jdwp.agent jdk.jdi jdk.jfr jdk.jshell jdk.jsobject jdk.jstatd jdk.localedata jdk.management.jfr jdk.naming.dns jdk.naming.rmi jdk.net jdk.nio.mapmode jdk.random jdk.sctp jdk.security.auth jdk.security.jgss jdk.unsupported jdk.unsupported.desktop jdk.xml.dom" 

Environment Variables:
PATH=C:\Users\CYBORG 15\AppData\Local\Programs\Microsoft VS Code;C:\Program Files (x86)\Common Files\Intel\Shared Libraries\redist\intel64\compiler;C:\Program Files\Common Files\Oracle\Java\javapath;C:\Windows\system32;C:\Windows;C:\Windows\System32\Wbem;C:\Windows\System32\WindowsPowerShell\v1.0\;C:\Windows\System32\OpenSSH\;C:\Program Files (x86)\NVIDIA Corporation\PhysX\Common;C:\Program Files\MySQL\MySQL Server 8.0\bin;C:\Program Files\Java\jdk-23\bin;;C:\WINDOWS\system32;C:\WINDOWS;C:\WINDOWS\System32\Wbem;C:\WINDOWS\System32\WindowsPowerShell\v1.0\;C:\WINDOWS\System32\OpenSSH\;C:\Program Files\NVIDIA Corporation\NVIDIA App\NvDLISR;C:\Program Files\nodejs\;C:\ProgramData\chocolatey\bin;C:\Program Files\MySQL\MySQL Shell 8.0\bin\;C:\Users\CYBORG 15\AppData\Local\Microsoft\WindowsApps;C:\Users\CYBORG 15\AppData\Local\Programs\Microsoft VS Code\bin;C:\Program Files\JetBrains\IntelliJ IDEA 2024.3.5\bin;;C:\Users\CYBORG 15\AppData\Local\GitHubDesktop\bin;C:\Users\CYBORG 15\AppData\Roaming\npm
USERNAME=CYBORG 15
OS=Windows_NT
PROCESSOR_IDENTIFIER=Intel64 Family 6 Model 186 Stepping 2, GenuineIntel
TMP=C:\Users\CYBORG~1\AppData\Local\Temp
TEMP=C:\Users\CYBORG~1\AppData\Local\Temp




Periodic native trim disabled

---------------  S Y S T E M  ---------------

OS:
 Windows 11 , 64 bit Build 26100 (10.0.26100.7920)
OS uptime: 4 days 23:45 hours
Hyper-V role detected

CPU: total 16 (initial active 16) (8 cores per cpu, 2 threads per core) family 6 model 186 stepping 2 microcode 0x410e, cx8, cmov, fxsr, ht, mmx, 3dnowpref, sse, sse2, sse3, ssse3, sse4.1, sse4.2, popcnt, lzcnt, tsc, tscinvbit, avx, avx2, aes, erms, clmul, bmi1, bmi2, adx, sha, fma, vzeroupper, clflush, clflushopt, clwb, hv, serialize, rdtscp, rdpid, fsrm, f16c, cet_ibt, cet_ss
Processor Information for processor 0
  Max Mhz: 2400, Current Mhz: 2400, Mhz Limit: 2400
Processor Information for processor 1
  Max Mhz: 2400, Current Mhz: 2400, Mhz Limit: 2400
Processor Information for processor 2
  Max Mhz: 2400, Current Mhz: 2400, Mhz Limit: 2400
Processor Information for processor 3
  Max Mhz: 2400, Current Mhz: 2400, Mhz Limit: 2400
Processor Information for processor 4
  Max Mhz: 2400, Current Mhz: 2400, Mhz Limit: 2400
Processor Information for processor 5
  Max Mhz: 2400, Current Mhz: 2400, Mhz Limit: 2400
Processor Information for processor 6
  Max Mhz: 2400, Current Mhz: 2400, Mhz Limit: 2400
Processor Information for processor 7
  Max Mhz: 2400, Current Mhz: 2400, Mhz Limit: 2400
Processor Information for processor 8
  Max Mhz: 2400, Current Mhz: 2400, Mhz Limit: 2400
Processor Information for processor 9
  Max Mhz: 2400, Current Mhz: 2400, Mhz Limit: 2400
Processor Information for processor 10
  Max Mhz: 2400, Current Mhz: 2400, Mhz Limit: 2400
Processor Information for processor 11
  Max Mhz: 2400, Current Mhz: 2400, Mhz Limit: 2400
Processor Information for processor 12
  Max Mhz: 2400, Current Mhz: 1466, Mhz Limit: 2400
Processor Information for processor 13
  Max Mhz: 2400, Current Mhz: 1466, Mhz Limit: 2400
Processor Information for processor 14
  Max Mhz: 2400, Current Mhz: 2400, Mhz Limit: 2400
Processor Information for processor 15
  Max Mhz: 2400, Current Mhz: 2400, Mhz Limit: 2400

Memory: 4k page, system-wide physical 16087M (2649M free)
TotalPageFile size 17702M (AvailPageFile size 14M)
current process WorkingSet (physical memory assigned to process): 245M, peak: 252M
current process commit charge ("private bytes"): 381M, peak: 390M

vm_info: OpenJDK 64-Bit Server VM (21.0.10+7-LTS) for windows-amd64 JRE (21.0.10+7-LTS), built on 2026-01-20T00:00:00Z by "admin" with MS VC++ 17.12 (VS2022)

END.
